# JRE version: OpenJDK Runtime Environment (8.0_76-b03) (build 1.8.0_76-release-b03)
# Java VM: OpenJDK 64-Bit Server VM (25.76-b03 mixed mode windows-amd64 compressed oops)
Heap:
 PSYoungGen      total 254976K, used 213405K [0x00000000e0000000, 0x00000000f1280000, 0x0000000100000000)
  eden space 230912K, 92% used [0x00000000e0000000,0x00000000ed0676e8,0x00000000ee180000)
  from space 24064K, 0% used [0x00000000efb00000,0x00000000efb00000,0x00000000f1280000)
  to   space 25088K, 0% used [0x00000000ee180000,0x00000000ee180000,0x00000000efa00000)
 ParOldGen       total 126464K, used 55227K [0x00000000a0000000, 0x00000000a7b80000, 0x00000000e0000000)
  object space 126464K, 43% used [0x00000000a0000000,0x00000000a35eec48,0x00000000a7b80000)
 Metaspace       used 71551K, capacity 74594K, committed 74880K, reserved 1114112K
  class space    used 9218K, capacity 9792K, committed 9856K, reserved 1048576K
GC Heap History (10 events):
Event: 605.945 GC heap before
{Heap before GC invocations=41 (full 6):
 PSYoungGen      total 193536K, used 169984K [0x00000000e0000000, 0x00000000ed600000, 0x0000000100000000)
  eden space 169984K, 100% used [0x00000000e0000000,0x00000000ea600000,0x00000000ea600000)
  from space 23552K, 0% used [0x00000000ebf00000,0x00000000ebf00000,0x00000000ed600000)
  to   space 24576K, 0% used [0x00000000ea600000,0x00000000ea600000,0x00000000ebe00000)
 ParOldGen       total 126464K, used 55319K [0x00000000a0000000, 0x00000000a7b80000, 0x00000000e0000000)
  object space 126464K, 43% used [0x00000000a0000000,0x00000000a3605e70,0x00000000a7b80000)
 Metaspace       used 69553K, capacity 72384K, committed 72576K, reserved 1112064K
  class space    used 9044K, capacity 9565K, committed 9600K, reserved 1048576K
Event: 605.957 GC heap after
Heap after GC invocations=41 (full 6):
 PSYoungGen      total 194560K, used 5744K [0x00000000e0000000, 0x00000000ef200000, 0x0000000100000000)
  eden space 169984K, 0% used [0x00000000e0000000,0x00000000e0000000,0x00000000ea600000)
  from space 24576K, 23% used [0x00000000ea600000,0x00000000eab9c010,0x00000000ebe00000)
  to   space 23552K, 0% used [0x00000000edb00000,0x00000000edb00000,0x00000000ef200000)
 ParOldGen       total 126464K, used 55327K [0x00000000a0000000, 0x00000000a7b80000, 0x00000000e0000000)
  object space 126464K, 43% used [0x00000000a0000000,0x00000000a3607e70,0x00000000a7b80000)
 Metaspace       used 69553K, capacity 72384K, committed 72576K, reserved 1112064K
  class space    used 9044K, capacity 9565K, committed 9600K, reserved 1048576K
}
Event: 609.509 GC heap before
{Heap before GC invocations=42 (full 6):
 PSYoungGen      total 194560K, used 175728K [0x00000000e0000000, 0x00000000ef200000, 0x0000000100000000)
  eden space 169984K, 100% used [0x00000000e0000000,0x00000000ea600000,0x00000000ea600000)
  from space 24576K, 23% used [0x00000000ea600000,0x00000000eab9c010,0x00000000ebe00000)
  to   space 23552K, 0% used [0x00000000edb00000,0x00000000edb00000,0x00000000ef200000)
 ParOldGen       total 126464K, used 55327K [0x00000000a0000000, 0x00000000a7b80000, 0x00000000e0000000)
  object space 126464K, 43% used [0x00000000a0000000,0x00000000a3607e70,0x00000000a7b80000)
 Metaspace       used 69865K, capacity 72756K, committed 72960K, reserved 1112064K
  class space    used 9084K, capacity 9605K, committed 9728K, reserved 1048576K
Event: 609.543 GC heap after
Heap after GC invocations=42 (full 6):
 PSYoungGen      total 221184K, used 20999K [0x00000000e0000000, 0x00000000ef800000, 0x0000000100000000)
  eden space 197632K, 0% used [0x00000000e0000000,0x00000000e0000000,0x00000000ec100000)
  from space 23552K, 89% used [0x00000000edb00000,0x00000000eef81c58,0x00000000ef200000)
  to   space 26624K, 0% used [0x00000000ec100000,0x00000000ec100000,0x00000000edb00000)
 ParOldGen       total 126464K, used 59646K [0x00000000a0000000, 0x00000000a7b80000, 0x00000000e0000000)
  object space 126464K, 47% used [0x00000000a0000000,0x00000000a3a3f8b0,0x00000000a7b80000)
 Metaspace       used 69865K, capacity 72756K, committed 72960K, reserved 1112064K
  class space    used 9084K, capacity 9605K, committed 9728K, reserved 1048576K
}
Event: 614.727 GC heap before
{Heap before GC invocations=43 (full 6):
 PSYoungGen      total 221184K, used 216382K [0x00000000e0000000, 0x00000000ef800000, 0x0000000100000000)
  eden space 197632K, 98% used [0x00000000e0000000,0x00000000ebecdbe0,0x00000000ec100000)
  from space 23552K, 89% used [0x00000000edb00000,0x00000000eef81c58,0x00000000ef200000)
  to   space 26624K, 0% used [0x00000000ec100000,0x00000000ec100000,0x00000000edb00000)
 ParOldGen       total 126464K, used 59646K [0x00000000a0000000, 0x00000000a7b80000, 0x00000000e0000000)
  object space 126464K, 47% used [0x00000000a0000000,0x00000000a3a3f8b0,0x00000000a7b80000)
 Metaspace       used 69974K, capacity 72884K, committed 73216K, reserved 1112064K
  class space    used 9084K, capacity 9605K, committed 9728K, reserved 1048576K
Event: 614.733 GC heap after
Heap after GC invocations=43 (full 6):
 PSYoungGen      total 224256K, used 4113K [0x00000000e0000000, 0x00000000f1480000, 0x0000000100000000)
  eden space 197632K, 0% used [0x00000000e0000000,0x00000000e0000000,0x00000000ec100000)
  from space 26624K, 15% used [0x00000000ec100000,0x00000000ec504590,0x00000000edb00000)
  to   space 26112K, 0% used [0x00000000efb00000,0x00000000efb00000,0x00000000f1480000)
 ParOldGen       total 126464K, used 61382K [0x00000000a0000000, 0x00000000a7b80000, 0x00000000e0000000)
  object space 126464K, 48% used [0x00000000a0000000,0x00000000a3bf1950,0x00000000a7b80000)
 Metaspace       used 69974K, capacity 72884K, committed 73216K, reserved 1112064K
  class space    used 9084K, capacity 9605K, committed 9728K, reserved 1048576K
}
Event: 627.908 GC heap before
{Heap before GC invocations=44 (full 6):
 PSYoungGen      total 224256K, used 186502K [0x00000000e0000000, 0x00000000f1480000, 0x0000000100000000)
  eden space 197632K, 92% used [0x00000000e0000000,0x00000000eb21d430,0x00000000ec100000)
  from space 26624K, 15% used [0x00000000ec100000,0x00000000ec504590,0x00000000edb00000)
  to   space 26112K, 0% used [0x00000000efb00000,0x00000000efb00000,0x00000000f1480000)
 ParOldGen       total 126464K, used 61382K [0x00000000a0000000, 0x00000000a7b80000, 0x00000000e0000000)
  object space 126464K, 48% used [0x00000000a0000000,0x00000000a3bf1950,0x00000000a7b80000)
 Metaspace       used 70006K, capacity 72884K, committed 73216K, reserved 1112064K
  class space    used 9084K, capacity 9605K, committed 9728K, reserved 1048576K
Event: 627.916 GC heap after
Heap after GC invocations=44 (full 6):
 PSYoungGen      total 254976K, used 4274K [0x00000000e0000000, 0x00000000f1280000, 0x0000000100000000)
  eden space 230912K, 0% used [0x00000000e0000000,0x00000000e0000000,0x00000000ee180000)
  from space 24064K, 17% used [0x00000000efb00000,0x00000000eff2c9d8,0x00000000f1280000)
  to   space 25088K, 0% used [0x00000000ee180000,0x00000000ee180000,0x00000000efa00000)
 ParOldGen       total 126464K, used 61530K [0x00000000a0000000, 0x00000000a7b80000, 0x00000000e0000000)
  object space 126464K, 48% used [0x00000000a0000000,0x00000000a3c16858,0x00000000a7b80000)
 Metaspace       used 70006K, capacity 72884K, committed 73216K, reserved 1112064K
  class space    used 9084K, capacity 9605K, committed 9728K, reserved 1048576K
}
Event: 627.917 GC heap before
{Heap before GC invocations=45 (full 7):
 PSYoungGen      total 254976K, used 4274K [0x00000000e0000000, 0x00000000f1280000, 0x0000000100000000)
  eden space 230912K, 0% used [0x00000000e0000000,0x00000000e0000000,0x00000000ee180000)
  from space 24064K, 17% used [0x00000000efb00000,0x00000000eff2c9d8,0x00000000f1280000)
  to   space 25088K, 0% used [0x00000000ee180000,0x00000000ee180000,0x00000000efa00000)
 ParOldGen       total 126464K, used 61530K [0x00000000a0000000, 0x00000000a7b80000, 0x00000000e0000000)
  object space 126464K, 48% used [0x00000000a0000000,0x00000000a3c16858,0x00000000a7b80000)
 Metaspace       used 70006K, capacity 72884K, committed 73216K, reserved 1112064K
  class space    used 9084K, capacity 9605K, committed 9728K, reserved 1048576K
Event: 628.406 GC heap after
Heap after GC invocations=45 (full 7):
 PSYoungGen      total 254976K, used 0K [0x00000000e0000000, 0x00000000f1280000, 0x0000000100000000)
  eden space 230912K, 0% used [0x00000000e0000000,0x00000000e0000000,0x00000000ee180000)
  from space 24064K, 0% used [0x00000000efb00000,0x00000000efb00000,0x00000000f1280000)
  to   space 25088K, 0% used [0x00000000ee180000,0x00000000ee180000,0x00000000efa00000)
 ParOldGen       total 126464K, used 55227K [0x00000000a0000000, 0x00000000a7b80000, 0x00000000e0000000)
  object space 126464K, 43% used [0x00000000a0000000,0x00000000a35eec48,0x00000000a7b80000)
 Metaspace       used 70006K, capacity 72884K, committed 73216K, reserved 1112064K
  class space    used 9084K, capacity 9605K, committed 9728K, reserved 1048576K
}

