# JRE version: OpenJDK Runtime Environment (8.0_76-b03) (build 1.8.0_76-release-b03)
# Java VM: OpenJDK 64-Bit Server VM (25.76-b03 mixed mode windows-amd64 compressed oops)
Heap:
 PSYoungGen      total 459264K, used 142110K [0x00000000e0000000, 0x00000000ff480000, 0x0000000100000000)
  eden space 402944K, 32% used [0x00000000e0000000,0x00000000e7f33610,0x00000000f8980000)
  from space 56320K, 21% used [0x00000000fbd80000,0x00000000fc914570,0x00000000ff480000)
  to   space 53248K, 0% used [0x00000000f8980000,0x00000000f8980000,0x00000000fbd80000)
 ParOldGen       total 188416K, used 44428K [0x00000000a0000000, 0x00000000ab800000, 0x00000000e0000000)
  object space 188416K, 23% used [0x00000000a0000000,0x00000000a2b633a0,0x00000000ab800000)
 Metaspace       used 76481K, capacity 82422K, committed 86912K, reserved 1124352K
  class space    used 9480K, capacity 10153K, committed 11392K, reserved 1048576K
GC Heap History (10 events):
Event: 10219.696 GC heap before
{Heap before GC invocations=181 (full 30):
 PSYoungGen      total 453120K, used 392192K [0x00000000e0000000, 0x00000000ffb00000, 0x0000000100000000)
  eden space 392192K, 100% used [0x00000000e0000000,0x00000000f7f00000,0x00000000f7f00000)
  from space 60928K, 0% used [0x00000000fbf80000,0x00000000fbf80000,0x00000000ffb00000)
  to   space 63488K, 0% used [0x00000000f7f00000,0x00000000f7f00000,0x00000000fbd00000)
 ParOldGen       total 188416K, used 49050K [0x00000000a0000000, 0x00000000ab800000, 0x00000000e0000000)
  object space 188416K, 26% used [0x00000000a0000000,0x00000000a2fe6958,0x00000000ab800000)
 Metaspace       used 76405K, capacity 82206K, committed 86912K, reserved 1124352K
  class space    used 9472K, capacity 10145K, committed 11392K, reserved 1048576K
Event: 10219.710 GC heap after
Heap after GC invocations=181 (full 30):
 PSYoungGen      total 455680K, used 18644K [0x00000000e0000000, 0x00000000ffa80000, 0x0000000100000000)
  eden space 392192K, 0% used [0x00000000e0000000,0x00000000e0000000,0x00000000f7f00000)
  from space 63488K, 29% used [0x00000000f7f00000,0x00000000f91351d0,0x00000000fbd00000)
  to   space 59392K, 0% used [0x00000000fc080000,0x00000000fc080000,0x00000000ffa80000)
 ParOldGen       total 188416K, used 49058K [0x00000000a0000000, 0x00000000ab800000, 0x00000000e0000000)
  object space 188416K, 26% used [0x00000000a0000000,0x00000000a2fe8958,0x00000000ab800000)
 Metaspace       used 76405K, capacity 82206K, committed 86912K, reserved 1124352K
  class space    used 9472K, capacity 10145K, committed 11392K, reserved 1048576K
}
Event: 10223.648 GC heap before
{Heap before GC invocations=182 (full 30):
 PSYoungGen      total 455680K, used 407611K [0x00000000e0000000, 0x00000000ffa80000, 0x0000000100000000)
  eden space 392192K, 99% used [0x00000000e0000000,0x00000000f7bd9dd8,0x00000000f7f00000)
  from space 63488K, 29% used [0x00000000f7f00000,0x00000000f91351d0,0x00000000fbd00000)
  to   space 59392K, 0% used [0x00000000fc080000,0x00000000fc080000,0x00000000ffa80000)
 ParOldGen       total 188416K, used 49058K [0x00000000a0000000, 0x00000000ab800000, 0x00000000e0000000)
  object space 188416K, 26% used [0x00000000a0000000,0x00000000a2fe8958,0x00000000ab800000)
 Metaspace       used 76411K, capacity 82270K, committed 86912K, reserved 1124352K
  class space    used 9472K, capacity 10145K, committed 11392K, reserved 1048576K
Event: 10223.657 GC heap after
Heap after GC invocations=182 (full 30):
 PSYoungGen      total 455168K, used 23255K [0x00000000e0000000, 0x00000000ff680000, 0x0000000100000000)
  eden space 399872K, 0% used [0x00000000e0000000,0x00000000e0000000,0x00000000f8680000)
  from space 55296K, 42% used [0x00000000fc080000,0x00000000fd735c88,0x00000000ff680000)
  to   space 57344K, 0% used [0x00000000f8680000,0x00000000f8680000,0x00000000fbe80000)
 ParOldGen       total 188416K, used 49058K [0x00000000a0000000, 0x00000000ab800000, 0x00000000e0000000)
  object space 188416K, 26% used [0x00000000a0000000,0x00000000a2fe8958,0x00000000ab800000)
 Metaspace       used 76411K, capacity 82270K, committed 86912K, reserved 1124352K
  class space    used 9472K, capacity 10145K, committed 11392K, reserved 1048576K
}
Event: 10228.692 GC heap before
{Heap before GC invocations=183 (full 30):
 PSYoungGen      total 455168K, used 81140K [0x00000000e0000000, 0x00000000ff680000, 0x0000000100000000)
  eden space 399872K, 14% used [0x00000000e0000000,0x00000000e3887408,0x00000000f8680000)
  from space 55296K, 42% used [0x00000000fc080000,0x00000000fd735c88,0x00000000ff680000)
  to   space 57344K, 0% used [0x00000000f8680000,0x00000000f8680000,0x00000000fbe80000)
 ParOldGen       total 188416K, used 49058K [0x00000000a0000000, 0x00000000ab800000, 0x00000000e0000000)
  object space 188416K, 26% used [0x00000000a0000000,0x00000000a2fe8958,0x00000000ab800000)
 Metaspace       used 76412K, capacity 82270K, committed 86912K, reserved 1124352K
  class space    used 9472K, capacity 10145K, committed 11392K, reserved 1048576K
Event: 10228.697 GC heap after
Heap after GC invocations=183 (full 30):
 PSYoungGen      total 400896K, used 878K [0x00000000e0000000, 0x00000000ff480000, 0x0000000100000000)
  eden space 399872K, 0% used [0x00000000e0000000,0x00000000e0000000,0x00000000f8680000)
  from space 1024K, 85% used [0x00000000f8680000,0x00000000f875b908,0x00000000f8780000)
  to   space 56320K, 0% used [0x00000000fbd80000,0x00000000fbd80000,0x00000000ff480000)
 ParOldGen       total 188416K, used 49058K [0x00000000a0000000, 0x00000000ab800000, 0x00000000e0000000)
  object space 188416K, 26% used [0x00000000a0000000,0x00000000a2fe8958,0x00000000ab800000)
 Metaspace       used 76412K, capacity 82270K, committed 86912K, reserved 1124352K
  class space    used 9472K, capacity 10145K, committed 11392K, reserved 1048576K
}
Event: 10228.697 GC heap before
{Heap before GC invocations=184 (full 31):
 PSYoungGen      total 400896K, used 878K [0x00000000e0000000, 0x00000000ff480000, 0x0000000100000000)
  eden space 399872K, 0% used [0x00000000e0000000,0x00000000e0000000,0x00000000f8680000)
  from space 1024K, 85% used [0x00000000f8680000,0x00000000f875b908,0x00000000f8780000)
  to   space 56320K, 0% used [0x00000000fbd80000,0x00000000fbd80000,0x00000000ff480000)
 ParOldGen       total 188416K, used 49058K [0x00000000a0000000, 0x00000000ab800000, 0x00000000e0000000)
  object space 188416K, 26% used [0x00000000a0000000,0x00000000a2fe8958,0x00000000ab800000)
 Metaspace       used 76412K, capacity 82270K, committed 86912K, reserved 1124352K
  class space    used 9472K, capacity 10145K, committed 11392K, reserved 1048576K
Event: 10228.922 GC heap after
Heap after GC invocations=184 (full 31):
 PSYoungGen      total 400896K, used 0K [0x00000000e0000000, 0x00000000ff480000, 0x0000000100000000)
  eden space 399872K, 0% used [0x00000000e0000000,0x00000000e0000000,0x00000000f8680000)
  from space 1024K, 0% used [0x00000000f8680000,0x00000000f8680000,0x00000000f8780000)
  to   space 56320K, 0% used [0x00000000fbd80000,0x00000000fbd80000,0x00000000ff480000)
 ParOldGen       total 188416K, used 44420K [0x00000000a0000000, 0x00000000ab800000, 0x00000000e0000000)
  object space 188416K, 23% used [0x00000000a0000000,0x00000000a2b613a0,0x00000000ab800000)
 Metaspace       used 76236K, capacity 82034K, committed 86912K, reserved 1124352K
  class space    used 9439K, capacity 10105K, committed 11392K, reserved 1048576K
}
Event: 10432.023 GC heap before
{Heap before GC invocations=185 (full 31):
 PSYoungGen      total 400896K, used 397082K [0x00000000e0000000, 0x00000000ff480000, 0x0000000100000000)
  eden space 399872K, 99% used [0x00000000e0000000,0x00000000f83c6b68,0x00000000f8680000)
  from space 1024K, 0% used [0x00000000f8680000,0x00000000f8680000,0x00000000f8780000)
  to   space 56320K, 0% used [0x00000000fbd80000,0x00000000fbd80000,0x00000000ff480000)
 ParOldGen       total 188416K, used 44420K [0x00000000a0000000, 0x00000000ab800000, 0x00000000e0000000)
  object space 188416K, 23% used [0x00000000a0000000,0x00000000a2b613a0,0x00000000ab800000)
 Metaspace       used 76478K, capacity 82422K, committed 86912K, reserved 1124352K
  class space    used 9480K, capacity 10153K, committed 11392K, reserved 1048576K
Event: 10432.040 GC heap after
Heap after GC invocations=185 (full 31):
 PSYoungGen      total 459264K, used 11857K [0x00000000e0000000, 0x00000000ff480000, 0x0000000100000000)
  eden space 402944K, 0% used [0x00000000e0000000,0x00000000e0000000,0x00000000f8980000)
  from space 56320K, 21% used [0x00000000fbd80000,0x00000000fc914570,0x00000000ff480000)
  to   space 53248K, 0% used [0x00000000f8980000,0x00000000f8980000,0x00000000fbd80000)
 ParOldGen       total 188416K, used 44428K [0x00000000a0000000, 0x00000000ab800000, 0x00000000e0000000)
  object space 188416K, 23% used [0x00000000a0000000,0x00000000a2b633a0,0x00000000ab800000)
 Metaspace       used 76478K, capacity 82422K, committed 86912K, reserved 1124352K
  class space    used 9480K, capacity 10153K, committed 11392K, reserved 1048576K
}

